Arguments: 
  /Users/ben/.nvm/versions/node/v14.1.0/bin/node /Users/ben/.nvm/versions/node/v14.1.0/lib/node_modules/yarn/lib/cli.js add jest --dev

PATH: 
  /Users/ben/opt/anaconda3/bin:/usr/local/opt/ruby/bin:/Users/ben/.nvm/versions/node/v14.1.0/bin:/Users/ben/.fastlane/bin:/Users/ben/.deno/bin:/Users/ben/Documents/flutter/bin:/Users/ben/.yarn/bin:/Users/ben/.config/yarn/global/node_modules/.bin:/Users/ben/Downloads/cocos2d-x-3.16/templates:/Users/ben/Downloads:/Users/ben/Downloads/cocos2d-x-3.16/tools/cocos2d-console/bin:/usr/local/bin:/usr/bin:/bin:/usr/sbin:/sbin:/usr/local/go/bin:/usr/local/share/dotnet:/Library/Apple/usr/bin:/Users/ben/.cargo/bin:/bin:/bin

Yarn version: 
  1.22.5

Node version: 
  14.1.0

Platform: 
  darwin x64

Trace: 
  Error: getaddrinfo ENOTFOUND registry.yarnpkg.com
      at GetAddrInfoReqWrap.onlookup [as oncomplete] (dns.js:66:26)

npm manifest: 
  {
    "name": "linaria-css",
    "version": "1.0.0",
    "main": "index.js",
    "author": "ben14",
    "license": "MIT"
  }

yarn manifest: 
  No manifest

Lockfile: 
  No lockfile
