Arguments: 
  /Users/ben/.nvm/versions/node/v14.1.0/bin/node /Users/ben/.nvm/versions/node/v14.1.0/bin/yarn add rimraf -D

PATH: 
  /Users/ben/opt/anaconda3/bin:/usr/local/opt/ruby/bin:/Users/ben/.nvm/versions/node/v14.1.0/bin:/Users/ben/.fastlane/bin:/Users/ben/Documents/flutter/bin:/Users/ben/.yarn/bin:/Users/ben/.config/yarn/global/node_modules/.bin:/Users/ben/Downloads/cocos2d-x-3.16/templates:/Users/ben/Downloads:/Users/ben/Downloads/cocos2d-x-3.16/tools/cocos2d-console/bin:/Users/ben/.cargo/bin:/usr/local/bin:/usr/bin:/bin:/usr/sbin:/sbin:/usr/local/share/dotnet:/Library/Apple/usr/bin

Yarn version: 
  1.22.5

Node version: 
  14.1.0

Platform: 
  darwin x64

Trace: 
  Error: getaddrinfo ENOTFOUND registry.npm.taobao.org
      at GetAddrInfoReqWrap.onlookup [as oncomplete] (dns.js:66:26)

npm manifest: 
  {
    "name": "@redchili/retouch",
    "version": "0.1.3",
    "main": "dist/index.js",
    "files": [
      "dist"
    ],
    "author": "ben14",
    "license": "MIT",
    "scripts": {
      "build": "rimraf dist && tsc"
    },
    "peerDependencies": {
      "react": "^17.0.1"
    },
    "dependencies": {
      "react": "^17.0.1"
    },
    "devDependencies": {
      "@types/react": "^16.9.55",
      "typescript": "^4.0.5"
    }
  }

yarn manifest: 
  No manifest

Lockfile: 
  # THIS IS AN AUTOGENERATED FILE. DO NOT EDIT THIS FILE DIRECTLY.
  # yarn lockfile v1
  
  
  "@types/prop-types@*":
    version "15.7.3"
    resolved "https://registry.npm.taobao.org/@types/prop-types/download/@types/prop-types-15.7.3.tgz#2ab0d5da2e5815f94b0b9d4b95d1e5f243ab2ca7"
    integrity sha1-KrDV2i5YFflLC51LldHl8kOrLKc=
  
  "@types/react@^16.9.55":
    version "16.9.55"
    resolved "https://registry.npm.taobao.org/@types/react/download/@types/react-16.9.55.tgz?cache=0&other_urls=https%3A%2F%2Fregistry.npm.taobao.org%2F%40types%2Freact%2Fdownload%2F%40types%2Freact-16.9.55.tgz#47078587f5bfe028a23b6b46c7b94ac0d436acff"
    integrity sha1-RweFh/W/4CiiO2tGx7lKwNQ2rP8=
    dependencies:
      "@types/prop-types" "*"
      csstype "^3.0.2"
  
  csstype@^3.0.2:
    version "3.0.4"
    resolved "https://registry.npm.taobao.org/csstype/download/csstype-3.0.4.tgz?cache=0&sync_timestamp=1603439946794&other_urls=https%3A%2F%2Fregistry.npm.taobao.org%2Fcsstype%2Fdownload%2Fcsstype-3.0.4.tgz#b156d7be03b84ff425c9a0a4b1e5f4da9c5ca888"
    integrity sha1-sVbXvgO4T/QlyaCkseX02pxcqIg=
  
  "js-tokens@^3.0.0 || ^4.0.0":
    version "4.0.0"
    resolved "https://registry.npm.taobao.org/js-tokens/download/js-tokens-4.0.0.tgz#19203fb59991df98e3a287050d4647cdeaf32499"
    integrity sha1-GSA/tZmR35jjoocFDUZHzerzJJk=
  
  loose-envify@^1.1.0:
    version "1.4.0"
    resolved "https://registry.npm.taobao.org/loose-envify/download/loose-envify-1.4.0.tgz#71ee51fa7be4caec1a63839f7e682d8132d30caf"
    integrity sha1-ce5R+nvkyuwaY4OffmgtgTLTDK8=
    dependencies:
      js-tokens "^3.0.0 || ^4.0.0"
  
  object-assign@^4.1.1:
    version "4.1.1"
    resolved "https://registry.npm.taobao.org/object-assign/download/object-assign-4.1.1.tgz#2109adc7965887cfc05cbbd442cac8bfbb360863"
    integrity sha1-IQmtx5ZYh8/AXLvUQsrIv7s2CGM=
  
  react@^17.0.1:
    version "17.0.1"
    resolved "https://registry.npm.taobao.org/react/download/react-17.0.1.tgz?cache=0&sync_timestamp=1603367592109&other_urls=https%3A%2F%2Fregistry.npm.taobao.org%2Freact%2Fdownload%2Freact-17.0.1.tgz#6e0600416bd57574e3f86d92edba3d9008726127"
    integrity sha1-bgYAQWvVdXTj+G2S7bo9kAhyYSc=
    dependencies:
      loose-envify "^1.1.0"
      object-assign "^4.1.1"
  
  typescript@^4.0.5:
    version "4.0.5"
    resolved "https://registry.npm.taobao.org/typescript/download/typescript-4.0.5.tgz?cache=0&sync_timestamp=1604215907084&other_urls=https%3A%2F%2Fregistry.npm.taobao.org%2Ftypescript%2Fdownload%2Ftypescript-4.0.5.tgz#ae9dddfd1069f1cb5beb3ef3b2170dd7c1332389"
    integrity sha1-rp3d/RBp8ctb6z7zshcN18EzI4k=
